<?xml version="1.0" encoding="UTF-8"?>
<!-- Generated by org.testng.reporters.JUnitXMLReporter -->
<testsuite ignored="0" hostname="admin-PC" failures="1" tests="1" name="Validation of Date and Country from IMDB" time="46.635" errors="0" timestamp="2022-09-05T21:39:30 IST">
  <testcase classname="com.GetDetailsofPushpaMovie.TestCases.ValidationDateandCountryIMDB" name="ComparisonofDateandCountry" time="1.299">
    <failure type="java.lang.AssertionError" message="Extracted Date or Country is not Matched with Expected Date or Country">
      <![CDATA[java.lang.AssertionError: Extracted Date or Country is not Matched with Expected Date or Country
at com.GetDetailsofPushpaMovie.TestCases.ValidationDateandCountryIMDB.ComparisonofDateandCountry(ValidationDateandCountryIMDB.java:28)
at java.base/java.util.ArrayList.forEach(ArrayList.java:1511)
... Removed 28 stack frames]]>
    </failure>
  </testcase> <!-- ComparisonofDateandCountry -->
</testsuite> <!-- Validation of Date and Country from IMDB -->
