-------------------------------------------------------------------------------
Test set: TestSuite
-------------------------------------------------------------------------------
Tests run: 2, Failures: 1, Errors: 0, Skipped: 0, Time elapsed: 73.076 s <<< FAILURE! - in TestSuite
ComparisonofDateandCountry(com.GetDetailsofPushpaMovie.TestCases.ValidationDateandCountryIMDB)  Time elapsed: 1.613 s  <<< FAILURE!
java.lang.AssertionError: Extracted Date or Country is not Matched with Expected Date or Country
	at com.GetDetailsofPushpaMovie.TestCases.ValidationDateandCountryIMDB.ComparisonofDateandCountry(ValidationDateandCountryIMDB.java:28)

