<?xml version="1.0" encoding="UTF-8"?>
<testng-results ignored="0" total="2" passed="1" failed="1" skipped="0">
  <reporter-output>
  </reporter-output>
  <suite started-at="2022-09-05T21:38:44 IST" name="Suite" finished-at="2022-09-05T21:39:57 IST" duration-ms="73002">
    <groups>
    </groups>
    <test started-at="2022-09-05T21:38:44 IST" name="Validation of Date and Country from IMDB" finished-at="2022-09-05T21:39:30 IST" duration-ms="46635">
      <class name="com.GetDetailsofPushpaMovie.TestCases.ValidationDateandCountryIMDB">
        <test-method is-config="true" signature="setup(java.lang.String)[pri:0, instance:com.GetDetailsofPushpaMovie.TestCases.ValidationDateandCountryIMDB@79e2c065]" started-at="2022-09-05T21:38:45 IST" name="setup" finished-at="2022-09-05T21:39:28 IST" duration-ms="43375" status="PASS">
          <params>
            <param index="0">
              <value>
                <![CDATA[IMDB]]>
              </value>
            </param>
          </params>
          <reporter-output>
          </reporter-output>
        </test-method> <!-- setup -->
        <test-method signature="ComparisonofDateandCountry()[pri:0, instance:com.GetDetailsofPushpaMovie.TestCases.ValidationDateandCountryIMDB@79e2c065]" started-at="2022-09-05T21:39:28 IST" name="ComparisonofDateandCountry" finished-at="2022-09-05T21:39:29 IST" duration-ms="1299" status="FAIL">
          <exception class="java.lang.AssertionError">
            <message>
              <![CDATA[Extracted Date or Country is not Matched with Expected Date or Country]]>
            </message>
            <full-stacktrace>
              <![CDATA[java.lang.AssertionError: Extracted Date or Country is not Matched with Expected Date or Country
at org.testng.Assert.fail(Assert.java:99)
at com.GetDetailsofPushpaMovie.TestCases.ValidationDateandCountryIMDB.ComparisonofDateandCountry(ValidationDateandCountryIMDB.java:28)
at java.base/jdk.internal.reflect.NativeMethodAccessorImpl.invoke0(Native Method)
at java.base/jdk.internal.reflect.NativeMethodAccessorImpl.invoke(NativeMethodAccessorImpl.java:78)
at java.base/jdk.internal.reflect.DelegatingMethodAccessorImpl.invoke(DelegatingMethodAccessorImpl.java:43)
at java.base/java.lang.reflect.Method.invoke(Method.java:567)
at org.testng.internal.MethodInvocationHelper.invokeMethod(MethodInvocationHelper.java:133)
at org.testng.internal.TestInvoker.invokeMethod(TestInvoker.java:598)
at org.testng.internal.TestInvoker.invokeTestMethod(TestInvoker.java:173)
at org.testng.internal.MethodRunner.runInSequence(MethodRunner.java:46)
at org.testng.internal.TestInvoker$MethodInvocationAgent.invoke(TestInvoker.java:824)
at org.testng.internal.TestInvoker.invokeTestMethods(TestInvoker.java:146)
at org.testng.internal.TestMethodWorker.invokeTestMethods(TestMethodWorker.java:146)
at org.testng.internal.TestMethodWorker.run(TestMethodWorker.java:128)
at java.base/java.util.ArrayList.forEach(ArrayList.java:1511)
at org.testng.TestRunner.privateRun(TestRunner.java:794)
at org.testng.TestRunner.run(TestRunner.java:596)
at org.testng.SuiteRunner.runTest(SuiteRunner.java:377)
at org.testng.SuiteRunner.runSequentially(SuiteRunner.java:371)
at org.testng.SuiteRunner.privateRun(SuiteRunner.java:332)
at org.testng.SuiteRunner.run(SuiteRunner.java:276)
at org.testng.SuiteRunnerWorker.runSuite(SuiteRunnerWorker.java:53)
at org.testng.SuiteRunnerWorker.run(SuiteRunnerWorker.java:96)
at org.testng.TestNG.runSuitesSequentially(TestNG.java:1212)
at org.testng.TestNG.runSuitesLocally(TestNG.java:1134)
at org.testng.TestNG.runSuites(TestNG.java:1063)
at org.testng.TestNG.run(TestNG.java:1031)
at org.testng.remote.AbstractRemoteTestNG.run(AbstractRemoteTestNG.java:115)
at org.testng.remote.RemoteTestNG.initAndRun(RemoteTestNG.java:251)
at org.testng.remote.RemoteTestNG.main(RemoteTestNG.java:77)
]]>
            </full-stacktrace>
          </exception> <!-- java.lang.AssertionError -->
          <reporter-output>
          </reporter-output>
        </test-method> <!-- ComparisonofDateandCountry -->
        <test-method is-config="true" signature="teardown()[pri:0, instance:com.GetDetailsofPushpaMovie.TestCases.ValidationDateandCountryIMDB@79e2c065]" started-at="2022-09-05T21:39:29 IST" name="teardown" finished-at="2022-09-05T21:39:30 IST" duration-ms="952" status="PASS">
          <reporter-output>
          </reporter-output>
        </test-method> <!-- teardown -->
      </class> <!-- com.GetDetailsofPushpaMovie.TestCases.ValidationDateandCountryIMDB -->
    </test> <!-- Validation of Date and Country from IMDB -->
    <test started-at="2022-09-05T21:39:32 IST" name="Validation of Date and Country from WIKI" finished-at="2022-09-05T21:39:57 IST" duration-ms="24978">
      <class name="com.GetDetailsofPushpaMovie.TestCases.ValidationDateandCountryWIKI">
        <test-method is-config="true" signature="setup(java.lang.String)[pri:0, instance:com.GetDetailsofPushpaMovie.TestCases.ValidationDateandCountryWIKI@35d019a3]" started-at="2022-09-05T21:39:32 IST" name="setup" finished-at="2022-09-05T21:39:55 IST" duration-ms="23227" status="PASS">
          <params>
            <param index="0">
              <value>
                <![CDATA[WIKI]]>
              </value>
            </param>
          </params>
          <reporter-output>
          </reporter-output>
        </test-method> <!-- setup -->
        <test-method signature="ComparisonofDateandCountry()[pri:0, instance:com.GetDetailsofPushpaMovie.TestCases.ValidationDateandCountryWIKI@35d019a3]" started-at="2022-09-05T21:39:55 IST" name="ComparisonofDateandCountry" finished-at="2022-09-05T21:39:55 IST" duration-ms="341" status="PASS">
          <reporter-output>
          </reporter-output>
        </test-method> <!-- ComparisonofDateandCountry -->
        <test-method is-config="true" signature="teardown()[pri:0, instance:com.GetDetailsofPushpaMovie.TestCases.ValidationDateandCountryWIKI@35d019a3]" started-at="2022-09-05T21:39:55 IST" name="teardown" finished-at="2022-09-05T21:39:57 IST" duration-ms="1378" status="PASS">
          <reporter-output>
          </reporter-output>
        </test-method> <!-- teardown -->
      </class> <!-- com.GetDetailsofPushpaMovie.TestCases.ValidationDateandCountryWIKI -->
    </test> <!-- Validation of Date and Country from WIKI -->
  </suite> <!-- Suite -->
</testng-results>
